<?xml version="1.0" encoding="UTF-8"?>
<testng-results ignored="0" total="1" passed="1" failed="0" skipped="0">
  <reporter-output>
  </reporter-output>
  <suite started-at="2022-12-26T00:21:13 EST" name="Default suite" finished-at="2022-12-26T00:21:31 EST" duration-ms="18583">
    <groups>
      <group name="cucumber">
        <method signature="AbstractTestNGCucumberTests.feature(cucumber.api.testng.CucumberFeatureWrapper)[pri:0, instance:testRunner3.TestRunner4@231f98ef]" name="feature" class="cucumber.api.testng.AbstractTestNGCucumberTests"/>
      </group> <!-- cucumber -->
    </groups>
    <test started-at="2022-12-26T00:21:13 EST" name="Default test" finished-at="2022-12-26T00:21:31 EST" duration-ms="18583">
      <class name="testRunner3.TestRunner4">
        <test-method is-config="true" signature="setup()[pri:0, instance:testRunner3.TestRunner4@231f98ef]" started-at="2022-12-26T00:21:13 EST" name="setup" finished-at="2022-12-26T00:21:23 EST" duration-ms="10343" status="PASS">
          <reporter-output>
          </reporter-output>
        </test-method> <!-- setup -->
        <test-method is-config="true" signature="setUpClass()[pri:0, instance:testRunner3.TestRunner4@231f98ef]" started-at="2022-12-26T00:21:23 EST" name="setUpClass" finished-at="2022-12-26T00:21:23 EST" duration-ms="245" status="PASS">
          <reporter-output>
          </reporter-output>
        </test-method> <!-- setUpClass -->
        <test-method signature="feature(cucumber.api.testng.CucumberFeatureWrapper)[pri:0, instance:testRunner3.TestRunner4@231f98ef]" started-at="2022-12-26T00:21:24 EST" name="feature" description="Runs Cucumber Feature" data-provider="features" finished-at="2022-12-26T00:21:31 EST" duration-ms="7134" status="PASS">
          <params>
            <param index="0">
              <value>
                <![CDATA[THis feature is for login functionality]]>
              </value>
            </param>
          </params>
          <reporter-output>
          </reporter-output>
        </test-method> <!-- feature -->
        <test-method is-config="true" signature="tearDownClass()[pri:0, instance:testRunner3.TestRunner4@231f98ef]" started-at="2022-12-26T00:21:31 EST" name="tearDownClass" finished-at="2022-12-26T00:21:31 EST" duration-ms="13" status="PASS">
          <reporter-output>
          </reporter-output>
        </test-method> <!-- tearDownClass -->
        <test-method is-config="true" signature="closureURL()[pri:0, instance:testRunner3.TestRunner4@231f98ef]" started-at="2022-12-26T00:21:31 EST" name="closureURL" finished-at="2022-12-26T00:21:31 EST" duration-ms="646" status="PASS">
          <reporter-output>
          </reporter-output>
        </test-method> <!-- closureURL -->
      </class> <!-- testRunner3.TestRunner4 -->
    </test> <!-- Default test -->
  </suite> <!-- Default suite -->
</testng-results>
